[2020-09-29 06:02:26] local.ERROR: ErrorException: Trying to get property 'name' of non-object in C:\xampp\htdocs\PooladPuish\app\Http\Controllers\Foundation\ProductCharacteristicController.php:31
Stack trace:
#0 C:\xampp\htdocs\PooladPuish\app\Http\Controllers\Foundation\ProductCharacteristicController.php(31): Illuminate\Foundation\Bootstrap\HandleExceptions->handleError(8, 'Trying to get p...', 'C:\\xampp\\htdocs...', 31, Array)
#1 C:\xampp\htdocs\PooladPuish\vendor\yajra\laravel-datatables-oracle\src\Utilities\Helper.php(65): App\Http\Controllers\Foundation\ProductCharacteristicController->App\Http\Controllers\Foundation\{closure}(Object(App\ProductCharacteristic))
#2 C:\xampp\htdocs\PooladPuish\vendor\yajra\laravel-datatables-oracle\src\Processors\DataProcessor.php(131): Yajra\DataTables\Utilities\Helper::compileContent(Object(Closure), Array, Object(App\ProductCharacteristic))
#3 C:\xampp\htdocs\PooladPuish\vendor\yajra\laravel-datatables-oracle\src\Processors\DataProcessor.php(105): Yajra\DataTables\Processors\DataProcessor->addColumns(Array, Object(App\ProductCharacteristic))
#4 C:\xampp\htdocs\PooladPuish\vendor\yajra\laravel-datatables-oracle\src\DataTableAbstract.php(753): Yajra\DataTables\Processors\DataProcessor->process(true)
#5 C:\xampp\htdocs\PooladPuish\vendor\yajra\laravel-datatables-oracle\src\CollectionDataTable.php(164): Yajra\DataTables\DataTableAbstract->processResults(Array, true)
#6 C:\xampp\htdocs\PooladPuish\app\Http\Controllers\Foundation\ProductCharacteristicController.php(34): Yajra\DataTables\CollectionDataTable->make(true)
#7 [internal function]: App\Http\Controllers\Foundation\ProductCharacteristicController->list(Object(Illuminate\Http\Request))
#8 C:\xampp\htdocs\PooladPuish\vendor\laravel\framework\src\Illuminate\Routing\Controller.php(54): call_user_func_array(Array, Array)
#9 C:\xampp\htdocs\PooladPuish\vendor\laravel\framework\src\Illuminate\Routing\ControllerDispatcher.php(45): Illuminate\Routing\Controller->callAction('list', Array)
#10 C:\xampp\htdocs\PooladPuish\vendor\laravel\framework\src\Illuminate\Routing\Route.php(219): Illuminate\Routing\ControllerDispatcher->dispatch(Object(Illuminate\Routing\Route), Object(App\Http\Controllers\Foundation\ProductCharacteristicController), 'list')
#11 C:\xampp\htdocs\PooladPuish\vendor\laravel\framework\src\Illuminate\Routing\Route.php(176): Illuminate\Routing\Route->runController()
#12 C:\xampp\htdocs\PooladPuish\vendor\laravel\framework\src\Illuminate\Routing\Router.php(680): Illuminate\Routing\Route->run()
#13 C:\xampp\htdocs\PooladPuish\vendor\laravel\framework\src\Illuminate\Routing\Pipeline.php(30): Illuminate\Routing\Router->Illuminate\Routing\{closure}(Object(Illuminate\Http\Request))
#14 C:\xampp\htdocs\PooladPuish\app\Http\Middleware\ExitUsers.php(18): Illuminate\Routing\Pipeline->Illuminate\Routing\{closure}(Object(Illuminate\Http\Request))
#15 C:\xampp\htdocs\PooladPuish\vendor\laravel\framework\src\Illuminate\Pipeline\Pipeline.php(163): App\Http\Middleware\ExitUsers->handle(Object(Illuminate\Http\Request), Object(Closure))
#16 C:\xampp\htdocs\PooladPuish\vendor\laravel\framework\src\Illuminate\Routing\Pipeline.php(53): Illuminate\Pipeline\Pipeline->Illuminate\Pipeline\{closure}(Object(Illuminate\Http\Request))
#17 C:\xampp\htdocs\PooladPuish\app\Http\Middleware\LastUserActivity.php(23): Illuminate\Routing\Pipeline->Illuminate\Routing\{closure}(Object(Illuminate\Http\Request))
#18 C:\xampp\htdocs\PooladPuish\vendor\laravel\framework\src\Illuminate\Pipeline\Pipeline.php(163): App\Http\Middleware\LastUserActivity->handle(Object(Illuminate\Http\Request), Object(Closure))
#19 C:\xampp\htdocs\PooladPuish\vendor\laravel\framework\src\Illuminate\Routing\Pipeline.php(53): Illuminate\Pipeline\Pipeline->Illuminate\Pipeline\{closure}(Object(Illuminate\Http\Request))
#20 C:\xampp\htdocs\PooladPuish\vendor\renatomarinho\laravel-page-speed\src\Middleware\PageSpeed.php(28): Illuminate\Routing\Pipeline->Illuminate\Routing\{closure}(Object(Illuminate\Http\Request))
#21 C:\xampp\htdocs\PooladPuish\vendor\laravel\framework\src\Illuminate\Pipeline\Pipeline.php(163): RenatoMarinho\LaravelPageSpeed\Middleware\PageSpeed->handle(Object(Illuminate\Http\Request), Object(Closure))
#22 C:\xampp\htdocs\PooladPuish\vendor\laravel\framework\src\Illuminate\Routing\Pipeline.php(53): Illuminate\Pipeline\Pipeline->Illuminate\Pipeline\{closure}(Object(Illuminate\Http\Request))
#23 C:\xampp\htdocs\PooladPuish\vendor\renatomarinho\laravel-page-speed\src\Middleware\PageSpeed.php(28): Illuminate\Routing\Pipeline->Illuminate\Routing\{closure}(Object(Illuminate\Http\Request))
#24 C:\xampp\htdocs\PooladPuish\vendor\laravel\framework\src\Illuminate\Pipeline\Pipeline.php(163): RenatoMarinho\LaravelPageSpeed\Middleware\PageSpeed->handle(Object(Illuminate\Http\Request), Object(Closure))
#25 C:\xampp\htdocs\PooladPuish\vendor\laravel\framework\src\Illuminate\Routing\Pipeline.php(53): Illuminate\Pipeline\Pipeline->Illuminate\Pipeline\{closure}(Object(Illuminate\Http\Request))
#26 C:\xampp\htdocs\PooladPuish\vendor\renatomarinho\laravel-page-speed\src\Middleware\PageSpeed.php(28): Illuminate\Routing\Pipeline->Illuminate\Routing\{closure}(Object(Illuminate\Http\Request))
#27 C:\xampp\htdocs\PooladPuish\vendor\laravel\framework\src\Illuminate\Pipeline\Pipeline.php(163): RenatoMarinho\LaravelPageSpeed\Middleware\PageSpeed->handle(Object(Illuminate\Http\Request), Object(Closure))
#28 C:\xampp\htdocs\PooladPuish\vendor\laravel\framework\src\Illuminate\Routing\Pipeline.php(53): Illuminate\Pipeline\Pipeline->Illuminate\Pipeline\{closure}(Object(Illuminate\Http\Request))
#29 C:\xampp\htdocs\PooladPuish\vendor\renatomarinho\laravel-page-speed\src\Middleware\PageSpeed.php(28): Illuminate\Routing\Pipeline->Illuminate\Routing\{closure}(Object(Illuminate\Http\Request))
#30 C:\xampp\htdocs\PooladPuish\vendor\laravel\framework\src\Illuminate\Pipeline\Pipeline.php(163): RenatoMarinho\LaravelPageSpeed\Middleware\PageSpeed->handle(Object(Illuminate\Http\Request), Object(Closure))
#31 C:\xampp\htdocs\PooladPuish\vendor\laravel\framework\src\Illuminate\Routing\Pipeline.php(53): Illuminate\Pipeline\Pipeline->Illuminate\Pipeline\{closure}(Object(Illuminate\Http\Request))
#32 C:\xampp\htdocs\PooladPuish\vendor\renatomarinho\laravel-page-speed\src\Middleware\PageSpeed.php(28): Illuminate\Routing\Pipeline->Illuminate\Routing\{closure}(Object(Illuminate\Http\Request))
#33 C:\xampp\htdocs\PooladPuish\vendor\laravel\framework\src\Illuminate\Pipeline\Pipeline.php(163): RenatoMarinho\LaravelPageSpeed\Middleware\PageSpeed->handle(Object(Illuminate\Http\Request), Object(Closure))
#34 C:\xampp\htdocs\PooladPuish\vendor\laravel\framework\src\Illuminate\Routing\Pipeline.php(53): Illuminate\Pipeline\Pipeline->Illuminate\Pipeline\{closure}(Object(Illuminate\Http\Request))
#35 C:\xampp\htdocs\PooladPuish\vendor\renatomarinho\laravel-page-speed\src\Middleware\PageSpeed.php(28): Illuminate\Routing\Pipeline->Illuminate\Routing\{closure}(Object(Illuminate\Http\Request))
#36 C:\xampp\htdocs\PooladPuish\vendor\laravel\framework\src\Illuminate\Pipeline\Pipeline.php(163): RenatoMarinho\LaravelPageSpeed\Middleware\PageSpeed->handle(Object(Illuminate\Http\Request), Object(Closure))
#37 C:\xampp\htdocs\PooladPuish\vendor\laravel\framework\src\Illuminate\Routing\Pipeline.php(53): Illuminate\Pipeline\Pipeline->Illuminate\Pipeline\{closure}(Object(Illuminate\Http\Request))
#38 C:\xampp\htdocs\PooladPuish\vendor\renatomarinho\laravel-page-speed\src\Middleware\PageSpeed.php(28): Illuminate\Routing\Pipeline->Illuminate\Routing\{closure}(Object(Illuminate\Http\Request))
#39 C:\xampp\htdocs\PooladPuish\vendor\laravel\framework\src\Illuminate\Pipeline\Pipeline.php(163): RenatoMarinho\LaravelPageSpeed\Middleware\PageSpeed->handle(Object(Illuminate\Http\Request), Object(Closure))
#40 C:\xampp\htdocs\PooladPuish\vendor\laravel\framework\src\Illuminate\Routing\Pipeline.php(53): Illuminate\Pipeline\Pipeline->Illuminate\Pipeline\{closure}(Object(Illuminate\Http\Request))
#41 C:\xampp\htdocs\PooladPuish\vendor\laravel\framework\src\Illuminate\Routing\Middleware\SubstituteBindings.php(41): Illuminate\Routing\Pipeline->Illuminate\Routing\{closure}(Object(Illuminate\Http\Request))
#42 C:\xampp\htdocs\PooladPuish\vendor\laravel\framework\src\Illuminate\Pipeline\Pipeline.php(163): Illuminate\Routing\Middleware\SubstituteBindings->handle(Object(Illuminate\Http\Request), Object(Closure))
#43 C:\xampp\htdocs\PooladPuish\vendor\laravel\framework\src\Illuminate\Routing\Pipeline.php(53): Illuminate\Pipeline\Pipeline->Illuminate\Pipeline\{closure}(Object(Illuminate\Http\Request))
#44 C:\xampp\htdocs\PooladPuish\vendor\laravel\framework\src\Illuminate\Auth\Middleware\Authenticate.php(43): Illuminate\Routing\Pipeline->Illuminate\Routing\{closure}(Object(Illuminate\Http\Request))
#45 C:\xampp\htdocs\PooladPuish\vendor\laravel\framework\src\Illuminate\Pipeline\Pipeline.php(163): Illuminate\Auth\Middleware\Authenticate->handle(Object(Illuminate\Http\Request), Object(Closure))
#46 C:\xampp\htdocs\PooladPuish\vendor\laravel\framework\src\Illuminate\Routing\Pipeline.php(53): Illuminate\Pipeline\Pipeline->Illuminate\Pipeline\{closure}(Object(Illuminate\Http\Request))
#47 C:\xampp\htdocs\PooladPuish\vendor\laravel\framework\src\Illuminate\Foundation\Http\Middleware\VerifyCsrfToken.php(75): Illuminate\Routing\Pipeline->Illuminate\Routing\{closure}(Object(Illuminate\Http\Request))
#48 C:\xampp\htdocs\PooladPuish\vendor\laravel\framework\src\Illuminate\Pipeline\Pipeline.php(163): Illuminate\Foundation\Http\Middleware\VerifyCsrfToken->handle(Object(Illuminate\Http\Request), Object(Closure))
#49 C:\xampp\htdocs\PooladPuish\vendor\laravel\framework\src\Illuminate\Routing\Pipeline.php(53): Illuminate\Pipeline\Pipeline->Illuminate\Pipeline\{closure}(Object(Illuminate\Http\Request))
#50 C:\xampp\htdocs\PooladPuish\vendor\laravel\framework\src\Illuminate\View\Middleware\ShareErrorsFromSession.php(49): Illuminate\Routing\Pipeline->Illuminate\Routing\{closure}(Object(Illuminate\Http\Request))
#51 C:\xampp\htdocs\PooladPuish\vendor\laravel\framework\src\Illuminate\Pipeline\Pipeline.php(163): Illuminate\View\Middleware\ShareErrorsFromSession->handle(Object(Illuminate\Http\Request), Object(Closure))
#52 C:\xampp\htdocs\PooladPuish\vendor\laravel\framework\src\Illuminate\Routing\Pipeline.php(53): Illuminate\Pipeline\Pipeline->Illuminate\Pipeline\{closure}(Object(Illuminate\Http\Request))
#53 C:\xampp\htdocs\PooladPuish\vendor\laravel\framework\src\Illuminate\Session\Middleware\StartSession.php(56): Illuminate\Routing\Pipeline->Illuminate\Routing\{closure}(Object(Illuminate\Http\Request))
#54 C:\xampp\htdocs\PooladPuish\vendor\laravel\framework\src\Illuminate\Pipeline\Pipeline.php(163): Illuminate\Session\Middleware\StartSession->handle(Object(Illuminate\Http\Request), Object(Closure))
#55 C:\xampp\htdocs\PooladPuish\vendor\laravel\framework\src\Illuminate\Routing\Pipeline.php(53): Illuminate\Pipeline\Pipeline->Illuminate\Pipeline\{closure}(Object(Illuminate\Http\Request))
#56 C:\xampp\htdocs\PooladPuish\vendor\laravel\framework\src\Illuminate\Cookie\Middleware\AddQueuedCookiesToResponse.php(37): Illuminate\Routing\Pipeline->Illuminate\Routing\{closure}(Object(Illuminate\Http\Request))
#57 C:\xampp\htdocs\PooladPuish\vendor\laravel\framework\src\Illuminate\Pipeline\Pipeline.php(163): Illuminate\Cookie\Middleware\AddQueuedCookiesToResponse->handle(Object(Illuminate\Http\Request), Object(Closure))
#58 C:\xampp\htdocs\PooladPuish\vendor\laravel\framework\src\Illuminate\Routing\Pipeline.php(53): Illuminate\Pipeline\Pipeline->Illuminate\Pipeline\{closure}(Object(Illuminate\Http\Request))
#59 C:\xampp\htdocs\PooladPuish\vendor\laravel\framework\src\Illuminate\Cookie\Middleware\EncryptCookies.php(66): Illuminate\Routing\Pipeline->Illuminate\Routing\{closure}(Object(Illuminate\Http\Request))
#60 C:\xampp\htdocs\PooladPuish\vendor\laravel\framework\src\Illuminate\Pipeline\Pipeline.php(163): Illuminate\Cookie\Middleware\EncryptCookies->handle(Object(Illuminate\Http\Request), Object(Closure))
#61 C:\xampp\htdocs\PooladPuish\vendor\laravel\framework\src\Illuminate\Routing\Pipeline.php(53): Illuminate\Pipeline\Pipeline->Illuminate\Pipeline\{closure}(Object(Illuminate\Http\Request))
#62 C:\xampp\htdocs\PooladPuish\vendor\laravel\framework\src\Illuminate\Pipeline\Pipeline.php(104): Illuminate\Routing\Pipeline->Illuminate\Routing\{closure}(Object(Illuminate\Http\Request))
#63 C:\xampp\htdocs\PooladPuish\vendor\laravel\framework\src\Illuminate\Routing\Router.php(682): Illuminate\Pipeline\Pipeline->then(Object(Closure))
#64 C:\xampp\htdocs\PooladPuish\vendor\laravel\framework\src\Illuminate\Routing\Router.php(657): Illuminate\Routing\Router->runRouteWithinStack(Object(Illuminate\Routing\Route), Object(Illuminate\Http\Request))
#65 C:\xampp\htdocs\PooladPuish\vendor\laravel\framework\src\Illuminate\Routing\Router.php(623): Illuminate\Routing\Router->runRoute(Object(Illuminate\Http\Request), Object(Illuminate\Routing\Route))
#66 C:\xampp\htdocs\PooladPuish\vendor\laravel\framework\src\Illuminate\Routing\Router.php(612): Illuminate\Routing\Router->dispatchToRoute(Object(Illuminate\Http\Request))
#67 C:\xampp\htdocs\PooladPuish\vendor\laravel\framework\src\Illuminate\Foundation\Http\Kernel.php(176): Illuminate\Routing\Router->dispatch(Object(Illuminate\Http\Request))
#68 C:\xampp\htdocs\PooladPuish\vendor\laravel\framework\src\Illuminate\Routing\Pipeline.php(30): Illuminate\Foundation\Http\Kernel->Illuminate\Foundation\Http\{closure}(Object(Illuminate\Http\Request))
#69 C:\xampp\htdocs\PooladPuish\vendor\laravel\framework\src\Illuminate\Foundation\Http\Middleware\TransformsRequest.php(21): Illuminate\Routing\Pipeline->Illuminate\Routing\{closure}(Object(Illuminate\Http\Request))
#70 C:\xampp\htdocs\PooladPuish\vendor\laravel\framework\src\Illuminate\Pipeline\Pipeline.php(163): Illuminate\Foundation\Http\Middleware\TransformsRequest->handle(Object(Illuminate\Http\Request), Object(Closure))
#71 C:\xampp\htdocs\PooladPuish\vendor\laravel\framework\src\Illuminate\Routing\Pipeline.php(53): Illuminate\Pipeline\Pipeline->Illuminate\Pipeline\{closure}(Object(Illuminate\Http\Request))
#72 C:\xampp\htdocs\PooladPuish\vendor\laravel\framework\src\Illuminate\Foundation\Http\Middleware\TransformsRequest.php(21): Illuminate\Routing\Pipeline->Illuminate\Routing\{closure}(Object(Illuminate\Http\Request))
#73 C:\xampp\htdocs\PooladPuish\vendor\laravel\framework\src\Illuminate\Pipeline\Pipeline.php(163): Illuminate\Foundation\Http\Middleware\TransformsRequest->handle(Object(Illuminate\Http\Request), Object(Closure))
#74 C:\xampp\htdocs\PooladPuish\vendor\laravel\framework\src\Illuminate\Routing\Pipeline.php(53): Illuminate\Pipeline\Pipeline->Illuminate\Pipeline\{closure}(Object(Illuminate\Http\Request))
#75 C:\xampp\htdocs\PooladPuish\vendor\laravel\framework\src\Illuminate\Foundation\Http\Middleware\ValidatePostSize.php(27): Illuminate\Routing\Pipeline->Illuminate\Routing\{closure}(Object(Illuminate\Http\Request))
#76 C:\xampp\htdocs\PooladPuish\vendor\laravel\framework\src\Illuminate\Pipeline\Pipeline.php(163): Illuminate\Foundation\Http\Middleware\ValidatePostSize->handle(Object(Illuminate\Http\Request), Object(Closure))
#77 C:\xampp\htdocs\PooladPuish\vendor\laravel\framework\src\Illuminate\Routing\Pipeline.php(53): Illuminate\Pipeline\Pipeline->Illuminate\Pipeline\{closure}(Object(Illuminate\Http\Request))
#78 C:\xampp\htdocs\PooladPuish\vendor\laravel\framework\src\Illuminate\Foundation\Http\Middleware\CheckForMaintenanceMode.php(62): Illuminate\Routing\Pipeline->Illuminate\Routing\{closure}(Object(Illuminate\Http\Request))
#79 C:\xampp\htdocs\PooladPuish\vendor\laravel\framework\src\Illuminate\Pipeline\Pipeline.php(163): Illuminate\Foundation\Http\Middleware\CheckForMaintenanceMode->handle(Object(Illuminate\Http\Request), Object(Closure))
#80 C:\xampp\htdocs\PooladPuish\vendor\laravel\framework\src\Illuminate\Routing\Pipeline.php(53): Illuminate\Pipeline\Pipeline->Illuminate\Pipeline\{closure}(Object(Illuminate\Http\Request))
#81 C:\xampp\htdocs\PooladPuish\vendor\fideloper\proxy\src\TrustProxies.php(57): Illuminate\Routing\Pipeline->Illuminate\Routing\{closure}(Object(Illuminate\Http\Request))
#82 C:\xampp\htdocs\PooladPuish\vendor\laravel\framework\src\Illuminate\Pipeline\Pipeline.php(163): Fideloper\Proxy\TrustProxies->handle(Object(Illuminate\Http\Request), Object(Closure))
#83 C:\xampp\htdocs\PooladPuish\vendor\laravel\framework\src\Illuminate\Routing\Pipeline.php(53): Illuminate\Pipeline\Pipeline->Illuminate\Pipeline\{closure}(Object(Illuminate\Http\Request))
#84 C:\xampp\htdocs\PooladPuish\vendor\laravel\framework\src\Illuminate\Pipeline\Pipeline.php(104): Illuminate\Routing\Pipeline->Illuminate\Routing\{closure}(Object(Illuminate\Http\Request))
#85 C:\xampp\htdocs\PooladPuish\vendor\laravel\framework\src\Illuminate\Foundation\Http\Kernel.php(151): Illuminate\Pipeline\Pipeline->then(Object(Closure))
#86 C:\xampp\htdocs\PooladPuish\vendor\laravel\framework\src\Illuminate\Foundation\Http\Kernel.php(116): Illuminate\Foundation\Http\Kernel->sendRequestThroughRouter(Object(Illuminate\Http\Request))
#87 C:\xampp\htdocs\PooladPuish\index.php(55): Illuminate\Foundation\Http\Kernel->handle(Object(Illuminate\Http\Request))
#88 {main}  
[2020-09-29 06:02:38] local.ERROR: ErrorException: Trying to get property 'name' of non-object in C:\xampp\htdocs\PooladPuish\app\Http\Controllers\Foundation\ProductController.php:32
Stack trace:
#0 C:\xampp\htdocs\PooladPuish\app\Http\Controllers\Foundation\ProductController.php(32): Illuminate\Foundation\Bootstrap\HandleExceptions->handleError(8, 'Trying to get p...', 'C:\\xampp\\htdocs...', 32, Array)
#1 C:\xampp\htdocs\PooladPuish\vendor\yajra\laravel-datatables-oracle\src\Utilities\Helper.php(65): App\Http\Controllers\Foundation\ProductController->App\Http\Controllers\Foundation\{closure}(Object(App\Product))
#2 C:\xampp\htdocs\PooladPuish\vendor\yajra\laravel-datatables-oracle\src\Processors\DataProcessor.php(131): Yajra\DataTables\Utilities\Helper::compileContent(Object(Closure), Array, Object(App\Product))
#3 C:\xampp\htdocs\PooladPuish\vendor\yajra\laravel-datatables-oracle\src\Processors\DataProcessor.php(105): Yajra\DataTables\Processors\DataProcessor->addColumns(Array, Object(App\Product))
#4 C:\xampp\htdocs\PooladPuish\vendor\yajra\laravel-datatables-oracle\src\DataTableAbstract.php(753): Yajra\DataTables\Processors\DataProcessor->process(true)
#5 C:\xampp\htdocs\PooladPuish\vendor\yajra\laravel-datatables-oracle\src\CollectionDataTable.php(164): Yajra\DataTables\DataTableAbstract->processResults(Array, true)
#6 C:\xampp\htdocs\PooladPuish\app\Http\Controllers\Foundation\ProductController.php(57): Yajra\DataTables\CollectionDataTable->make(true)
#7 [internal function]: App\Http\Controllers\Foundation\ProductController->list(Object(Illuminate\Http\Request))
#8 C:\xampp\htdocs\PooladPuish\vendor\laravel\framework\src\Illuminate\Routing\Controller.php(54): call_user_func_array(Array, Array)
#9 C:\xampp\htdocs\PooladPuish\vendor\laravel\framework\src\Illuminate\Routing\ControllerDispatcher.php(45): Illuminate\Routing\Controller->callAction('list', Array)
#10 C:\xampp\htdocs\PooladPuish\vendor\laravel\framework\src\Illuminate\Routing\Route.php(219): Illuminate\Routing\ControllerDispatcher->dispatch(Object(Illuminate\Routing\Route), Object(App\Http\Controllers\Foundation\ProductController), 'list')
#11 C:\xampp\htdocs\PooladPuish\vendor\laravel\framework\src\Illuminate\Routing\Route.php(176): Illuminate\Routing\Route->runController()
#12 C:\xampp\htdocs\PooladPuish\vendor\laravel\framework\src\Illuminate\Routing\Router.php(680): Illuminate\Routing\Route->run()
#13 C:\xampp\htdocs\PooladPuish\vendor\laravel\framework\src\Illuminate\Routing\Pipeline.php(30): Illuminate\Routing\Router->Illuminate\Routing\{closure}(Object(Illuminate\Http\Request))
#14 C:\xampp\htdocs\PooladPuish\app\Http\Middleware\ExitUsers.php(18): Illuminate\Routing\Pipeline->Illuminate\Routing\{closure}(Object(Illuminate\Http\Request))
#15 C:\xampp\htdocs\PooladPuish\vendor\laravel\framework\src\Illuminate\Pipeline\Pipeline.php(163): App\Http\Middleware\ExitUsers->handle(Object(Illuminate\Http\Request), Object(Closure))
#16 C:\xampp\htdocs\PooladPuish\vendor\laravel\framework\src\Illuminate\Routing\Pipeline.php(53): Illuminate\Pipeline\Pipeline->Illuminate\Pipeline\{closure}(Object(Illuminate\Http\Request))
#17 C:\xampp\htdocs\PooladPuish\app\Http\Middleware\LastUserActivity.php(23): Illuminate\Routing\Pipeline->Illuminate\Routing\{closure}(Object(Illuminate\Http\Request))
#18 C:\xampp\htdocs\PooladPuish\vendor\laravel\framework\src\Illuminate\Pipeline\Pipeline.php(163): App\Http\Middleware\LastUserActivity->handle(Object(Illuminate\Http\Request), Object(Closure))
#19 C:\xampp\htdocs\PooladPuish\vendor\laravel\framework\src\Illuminate\Routing\Pipeline.php(53): Illuminate\Pipeline\Pipeline->Illuminate\Pipeline\{closure}(Object(Illuminate\Http\Request))
#20 C:\xampp\htdocs\PooladPuish\vendor\renatomarinho\laravel-page-speed\src\Middleware\PageSpeed.php(28): Illuminate\Routing\Pipeline->Illuminate\Routing\{closure}(Object(Illuminate\Http\Request))
#21 C:\xampp\htdocs\PooladPuish\vendor\laravel\framework\src\Illuminate\Pipeline\Pipeline.php(163): RenatoMarinho\LaravelPageSpeed\Middleware\PageSpeed->handle(Object(Illuminate\Http\Request), Object(Closure))
#22 C:\xampp\htdocs\PooladPuish\vendor\laravel\framework\src\Illuminate\Routing\Pipeline.php(53): Illuminate\Pipeline\Pipeline->Illuminate\Pipeline\{closure}(Object(Illuminate\Http\Request))
#23 C:\xampp\htdocs\PooladPuish\vendor\renatomarinho\laravel-page-speed\src\Middleware\PageSpeed.php(28): Illuminate\Routing\Pipeline->Illuminate\Routing\{closure}(Object(Illuminate\Http\Request))
#24 C:\xampp\htdocs\PooladPuish\vendor\laravel\framework\src\Illuminate\Pipeline\Pipeline.php(163): RenatoMarinho\LaravelPageSpeed\Middleware\PageSpeed->handle(Object(Illuminate\Http\Request), Object(Closure))
#25 C:\xampp\htdocs\PooladPuish\vendor\laravel\framework\src\Illuminate\Routing\Pipeline.php(53): Illuminate\Pipeline\Pipeline->Illuminate\Pipeline\{closure}(Object(Illuminate\Http\Request))
#26 C:\xampp\htdocs\PooladPuish\vendor\renatomarinho\laravel-page-speed\src\Middleware\PageSpeed.php(28): Illuminate\Routing\Pipeline->Illuminate\Routing\{closure}(Object(Illuminate\Http\Request))
#27 C:\xampp\htdocs\PooladPuish\vendor\laravel\framework\src\Illuminate\Pipeline\Pipeline.php(163): RenatoMarinho\LaravelPageSpeed\Middleware\PageSpeed->handle(Object(Illuminate\Http\Request), Object(Closure))
#28 C:\xampp\htdocs\PooladPuish\vendor\laravel\framework\src\Illuminate\Routing\Pipeline.php(53): Illuminate\Pipeline\Pipeline->Illuminate\Pipeline\{closure}(Object(Illuminate\Http\Request))
#29 C:\xampp\htdocs\PooladPuish\vendor\renatomarinho\laravel-page-speed\src\Middleware\PageSpeed.php(28): Illuminate\Routing\Pipeline->Illuminate\Routing\{closure}(Object(Illuminate\Http\Request))
#30 C:\xampp\htdocs\PooladPuish\vendor\laravel\framework\src\Illuminate\Pipeline\Pipeline.php(163): RenatoMarinho\LaravelPageSpeed\Middleware\PageSpeed->handle(Object(Illuminate\Http\Request), Object(Closure))
#31 C:\xampp\htdocs\PooladPuish\vendor\laravel\framework\src\Illuminate\Routing\Pipeline.php(53): Illuminate\Pipeline\Pipeline->Illuminate\Pipeline\{closure}(Object(Illuminate\Http\Request))
#32 C:\xampp\htdocs\PooladPuish\vendor\renatomarinho\laravel-page-speed\src\Middleware\PageSpeed.php(28): Illuminate\Routing\Pipeline->Illuminate\Routing\{closure}(Object(Illuminate\Http\Request))
#33 C:\xampp\htdocs\PooladPuish\vendor\laravel\framework\src\Illuminate\Pipeline\Pipeline.php(163): RenatoMarinho\LaravelPageSpeed\Middleware\PageSpeed->handle(Object(Illuminate\Http\Request), Object(Closure))
#34 C:\xampp\htdocs\PooladPuish\vendor\laravel\framework\src\Illuminate\Routing\Pipeline.php(53): Illuminate\Pipeline\Pipeline->Illuminate\Pipeline\{closure}(Object(Illuminate\Http\Request))
#35 C:\xampp\htdocs\PooladPuish\vendor\renatomarinho\laravel-page-speed\src\Middleware\PageSpeed.php(28): Illuminate\Routing\Pipeline->Illuminate\Routing\{closure}(Object(Illuminate\Http\Request))
#36 C:\xampp\htdocs\PooladPuish\vendor\laravel\framework\src\Illuminate\Pipeline\Pipeline.php(163): RenatoMarinho\LaravelPageSpeed\Middleware\PageSpeed->handle(Object(Illuminate\Http\Request), Object(Closure))
#37 C:\xampp\htdocs\PooladPuish\vendor\laravel\framework\src\Illuminate\Routing\Pipeline.php(53): Illuminate\Pipeline\Pipeline->Illuminate\Pipeline\{closure}(Object(Illuminate\Http\Request))
#38 C:\xampp\htdocs\PooladPuish\vendor\renatomarinho\laravel-page-speed\src\Middleware\PageSpeed.php(28): Illuminate\Routing\Pipeline->Illuminate\Routing\{closure}(Object(Illuminate\Http\Request))
#39 C:\xampp\htdocs\PooladPuish\vendor\laravel\framework\src\Illuminate\Pipeline\Pipeline.php(163): RenatoMarinho\LaravelPageSpeed\Middleware\PageSpeed->handle(Object(Illuminate\Http\Request), Object(Closure))
#40 C:\xampp\htdocs\PooladPuish\vendor\laravel\framework\src\Illuminate\Routing\Pipeline.php(53): Illuminate\Pipeline\Pipeline->Illuminate\Pipeline\{closure}(Object(Illuminate\Http\Request))
#41 C:\xampp\htdocs\PooladPuish\vendor\laravel\framework\src\Illuminate\Routing\Middleware\SubstituteBindings.php(41): Illuminate\Routing\Pipeline->Illuminate\Routing\{closure}(Object(Illuminate\Http\Request))
#42 C:\xampp\htdocs\PooladPuish\vendor\laravel\framework\src\Illuminate\Pipeline\Pipeline.php(163): Illuminate\Routing\Middleware\SubstituteBindings->handle(Object(Illuminate\Http\Request), Object(Closure))
#43 C:\xampp\htdocs\PooladPuish\vendor\laravel\framework\src\Illuminate\Routing\Pipeline.php(53): Illuminate\Pipeline\Pipeline->Illuminate\Pipeline\{closure}(Object(Illuminate\Http\Request))
#44 C:\xampp\htdocs\PooladPuish\vendor\laravel\framework\src\Illuminate\Auth\Middleware\Authenticate.php(43): Illuminate\Routing\Pipeline->Illuminate\Routing\{closure}(Object(Illuminate\Http\Request))
#45 C:\xampp\htdocs\PooladPuish\vendor\laravel\framework\src\Illuminate\Pipeline\Pipeline.php(163): Illuminate\Auth\Middleware\Authenticate->handle(Object(Illuminate\Http\Request), Object(Closure))
#46 C:\xampp\htdocs\PooladPuish\vendor\laravel\framework\src\Illuminate\Routing\Pipeline.php(53): Illuminate\Pipeline\Pipeline->Illuminate\Pipeline\{closure}(Object(Illuminate\Http\Request))
#47 C:\xampp\htdocs\PooladPuish\vendor\laravel\framework\src\Illuminate\Foundation\Http\Middleware\VerifyCsrfToken.php(75): Illuminate\Routing\Pipeline->Illuminate\Routing\{closure}(Object(Illuminate\Http\Request))
#48 C:\xampp\htdocs\PooladPuish\vendor\laravel\framework\src\Illuminate\Pipeline\Pipeline.php(163): Illuminate\Foundation\Http\Middleware\VerifyCsrfToken->handle(Object(Illuminate\Http\Request), Object(Closure))
#49 C:\xampp\htdocs\PooladPuish\vendor\laravel\framework\src\Illuminate\Routing\Pipeline.php(53): Illuminate\Pipeline\Pipeline->Illuminate\Pipeline\{closure}(Object(Illuminate\Http\Request))
#50 C:\xampp\htdocs\PooladPuish\vendor\laravel\framework\src\Illuminate\View\Middleware\ShareErrorsFromSession.php(49): Illuminate\Routing\Pipeline->Illuminate\Routing\{closure}(Object(Illuminate\Http\Request))
#51 C:\xampp\htdocs\PooladPuish\vendor\laravel\framework\src\Illuminate\Pipeline\Pipeline.php(163): Illuminate\View\Middleware\ShareErrorsFromSession->handle(Object(Illuminate\Http\Request), Object(Closure))
#52 C:\xampp\htdocs\PooladPuish\vendor\laravel\framework\src\Illuminate\Routing\Pipeline.php(53): Illuminate\Pipeline\Pipeline->Illuminate\Pipeline\{closure}(Object(Illuminate\Http\Request))
#53 C:\xampp\htdocs\PooladPuish\vendor\laravel\framework\src\Illuminate\Session\Middleware\StartSession.php(56): Illuminate\Routing\Pipeline->Illuminate\Routing\{closure}(Object(Illuminate\Http\Request))
#54 C:\xampp\htdocs\PooladPuish\vendor\laravel\framework\src\Illuminate\Pipeline\Pipeline.php(163): Illuminate\Session\Middleware\StartSession->handle(Object(Illuminate\Http\Request), Object(Closure))
#55 C:\xampp\htdocs\PooladPuish\vendor\laravel\framework\src\Illuminate\Routing\Pipeline.php(53): Illuminate\Pipeline\Pipeline->Illuminate\Pipeline\{closure}(Object(Illuminate\Http\Request))
#56 C:\xampp\htdocs\PooladPuish\vendor\laravel\framework\src\Illuminate\Cookie\Middleware\AddQueuedCookiesToResponse.php(37): Illuminate\Routing\Pipeline->Illuminate\Routing\{closure}(Object(Illuminate\Http\Request))
#57 C:\xampp\htdocs\PooladPuish\vendor\laravel\framework\src\Illuminate\Pipeline\Pipeline.php(163): Illuminate\Cookie\Middleware\AddQueuedCookiesToResponse->handle(Object(Illuminate\Http\Request), Object(Closure))
#58 C:\xampp\htdocs\PooladPuish\vendor\laravel\framework\src\Illuminate\Routing\Pipeline.php(53): Illuminate\Pipeline\Pipeline->Illuminate\Pipeline\{closure}(Object(Illuminate\Http\Request))
#59 C:\xampp\htdocs\PooladPuish\vendor\laravel\framework\src\Illuminate\Cookie\Middleware\EncryptCookies.php(66): Illuminate\Routing\Pipeline->Illuminate\Routing\{closure}(Object(Illuminate\Http\Request))
#60 C:\xampp\htdocs\PooladPuish\vendor\laravel\framework\src\Illuminate\Pipeline\Pipeline.php(163): Illuminate\Cookie\Middleware\EncryptCookies->handle(Object(Illuminate\Http\Request), Object(Closure))
#61 C:\xampp\htdocs\PooladPuish\vendor\laravel\framework\src\Illuminate\Routing\Pipeline.php(53): Illuminate\Pipeline\Pipeline->Illuminate\Pipeline\{closure}(Object(Illuminate\Http\Request))
#62 C:\xampp\htdocs\PooladPuish\vendor\laravel\framework\src\Illuminate\Pipeline\Pipeline.php(104): Illuminate\Routing\Pipeline->Illuminate\Routing\{closure}(Object(Illuminate\Http\Request))
#63 C:\xampp\htdocs\PooladPuish\vendor\laravel\framework\src\Illuminate\Routing\Router.php(682): Illuminate\Pipeline\Pipeline->then(Object(Closure))
#64 C:\xampp\htdocs\PooladPuish\vendor\laravel\framework\src\Illuminate\Routing\Router.php(657): Illuminate\Routing\Router->runRouteWithinStack(Object(Illuminate\Routing\Route), Object(Illuminate\Http\Request))
#65 C:\xampp\htdocs\PooladPuish\vendor\laravel\framework\src\Illuminate\Routing\Router.php(623): Illuminate\Routing\Router->runRoute(Object(Illuminate\Http\Request), Object(Illuminate\Routing\Route))
#66 C:\xampp\htdocs\PooladPuish\vendor\laravel\framework\src\Illuminate\Routing\Router.php(612): Illuminate\Routing\Router->dispatchToRoute(Object(Illuminate\Http\Request))
#67 C:\xampp\htdocs\PooladPuish\vendor\laravel\framework\src\Illuminate\Foundation\Http\Kernel.php(176): Illuminate\Routing\Router->dispatch(Object(Illuminate\Http\Request))
#68 C:\xampp\htdocs\PooladPuish\vendor\laravel\framework\src\Illuminate\Routing\Pipeline.php(30): Illuminate\Foundation\Http\Kernel->Illuminate\Foundation\Http\{closure}(Object(Illuminate\Http\Request))
#69 C:\xampp\htdocs\PooladPuish\vendor\laravel\framework\src\Illuminate\Foundation\Http\Middleware\TransformsRequest.php(21): Illuminate\Routing\Pipeline->Illuminate\Routing\{closure}(Object(Illuminate\Http\Request))
#70 C:\xampp\htdocs\PooladPuish\vendor\laravel\framework\src\Illuminate\Pipeline\Pipeline.php(163): Illuminate\Foundation\Http\Middleware\TransformsRequest->handle(Object(Illuminate\Http\Request), Object(Closure))
#71 C:\xampp\htdocs\PooladPuish\vendor\laravel\framework\src\Illuminate\Routing\Pipeline.php(53): Illuminate\Pipeline\Pipeline->Illuminate\Pipeline\{closure}(Object(Illuminate\Http\Request))
#72 C:\xampp\htdocs\PooladPuish\vendor\laravel\framework\src\Illuminate\Foundation\Http\Middleware\TransformsRequest.php(21): Illuminate\Routing\Pipeline->Illuminate\Routing\{closure}(Object(Illuminate\Http\Request))
#73 C:\xampp\htdocs\PooladPuish\vendor\laravel\framework\src\Illuminate\Pipeline\Pipeline.php(163): Illuminate\Foundation\Http\Middleware\TransformsRequest->handle(Object(Illuminate\Http\Request), Object(Closure))
#74 C:\xampp\htdocs\PooladPuish\vendor\laravel\framework\src\Illuminate\Routing\Pipeline.php(53): Illuminate\Pipeline\Pipeline->Illuminate\Pipeline\{closure}(Object(Illuminate\Http\Request))
#75 C:\xampp\htdocs\PooladPuish\vendor\laravel\framework\src\Illuminate\Foundation\Http\Middleware\ValidatePostSize.php(27): Illuminate\Routing\Pipeline->Illuminate\Routing\{closure}(Object(Illuminate\Http\Request))
#76 C:\xampp\htdocs\PooladPuish\vendor\laravel\framework\src\Illuminate\Pipeline\Pipeline.php(163): Illuminate\Foundation\Http\Middleware\ValidatePostSize->handle(Object(Illuminate\Http\Request), Object(Closure))
#77 C:\xampp\htdocs\PooladPuish\vendor\laravel\framework\src\Illuminate\Routing\Pipeline.php(53): Illuminate\Pipeline\Pipeline->Illuminate\Pipeline\{closure}(Object(Illuminate\Http\Request))
#78 C:\xampp\htdocs\PooladPuish\vendor\laravel\framework\src\Illuminate\Foundation\Http\Middleware\CheckForMaintenanceMode.php(62): Illuminate\Routing\Pipeline->Illuminate\Routing\{closure}(Object(Illuminate\Http\Request))
#79 C:\xampp\htdocs\PooladPuish\vendor\laravel\framework\src\Illuminate\Pipeline\Pipeline.php(163): Illuminate\Foundation\Http\Middleware\CheckForMaintenanceMode->handle(Object(Illuminate\Http\Request), Object(Closure))
#80 C:\xampp\htdocs\PooladPuish\vendor\laravel\framework\src\Illuminate\Routing\Pipeline.php(53): Illuminate\Pipeline\Pipeline->Illuminate\Pipeline\{closure}(Object(Illuminate\Http\Request))
#81 C:\xampp\htdocs\PooladPuish\vendor\fideloper\proxy\src\TrustProxies.php(57): Illuminate\Routing\Pipeline->Illuminate\Routing\{closure}(Object(Illuminate\Http\Request))
#82 C:\xampp\htdocs\PooladPuish\vendor\laravel\framework\src\Illuminate\Pipeline\Pipeline.php(163): Fideloper\Proxy\TrustProxies->handle(Object(Illuminate\Http\Request), Object(Closure))
#83 C:\xampp\htdocs\PooladPuish\vendor\laravel\framework\src\Illuminate\Routing\Pipeline.php(53): Illuminate\Pipeline\Pipeline->Illuminate\Pipeline\{closure}(Object(Illuminate\Http\Request))
#84 C:\xampp\htdocs\PooladPuish\vendor\laravel\framework\src\Illuminate\Pipeline\Pipeline.php(104): Illuminate\Routing\Pipeline->Illuminate\Routing\{closure}(Object(Illuminate\Http\Request))
#85 C:\xampp\htdocs\PooladPuish\vendor\laravel\framework\src\Illuminate\Foundation\Http\Kernel.php(151): Illuminate\Pipeline\Pipeline->then(Object(Closure))
#86 C:\xampp\htdocs\PooladPuish\vendor\laravel\framework\src\Illuminate\Foundation\Http\Kernel.php(116): Illuminate\Foundation\Http\Kernel->sendRequestThroughRouter(Object(Illuminate\Http\Request))
#87 C:\xampp\htdocs\PooladPuish\index.php(55): Illuminate\Foundation\Http\Kernel->handle(Object(Illuminate\Http\Request))
#88 {main}  
